Performing C SOURCE FILE Test CMAKE_HAVE_LIBC_PTHREAD failed with the following output:
Change Dir: /home/zyj/sep-graph-pip-1.0/build/CMakeFiles/CMakeTmp

Run Build Command(s):/usr/bin/make -f Makefile cmTC_4f4a8/fast && /usr/bin/make  -f CMakeFiles/cmTC_4f4a8.dir/build.make CMakeFiles/cmTC_4f4a8.dir/build
make[1]: 进入目录“/home/zyj/sep-graph-pip-1.0/build/CMakeFiles/CMakeTmp”
Building C object CMakeFiles/cmTC_4f4a8.dir/src.c.o
/usr/bin/cc -DCMAKE_HAVE_LIBC_PTHREAD  -fPIC  -o CMakeFiles/cmTC_4f4a8.dir/src.c.o -c /home/zyj/sep-graph-pip-1.0/build/CMakeFiles/CMakeTmp/src.c
Linking C executable cmTC_4f4a8
/home/zyj/cmake/bin/cmake -E cmake_link_script CMakeFiles/cmTC_4f4a8.dir/link.txt --verbose=1
/usr/bin/cc -fPIC  -rdynamic CMakeFiles/cmTC_4f4a8.dir/src.c.o -o cmTC_4f4a8 
CMakeFiles/cmTC_4f4a8.dir/src.c.o：在函数‘main’中：
src.c:(.text+0x3e)：对‘pthread_create’未定义的引用
src.c:(.text+0x4a)：对‘pthread_detach’未定义的引用
src.c:(.text+0x56)：对‘pthread_cancel’未定义的引用
src.c:(.text+0x67)：对‘pthread_join’未定义的引用
src.c:(.text+0x7b)：对‘pthread_atfork’未定义的引用
collect2: error: ld returned 1 exit status
CMakeFiles/cmTC_4f4a8.dir/build.make:98: recipe for target 'cmTC_4f4a8' failed
make[1]: *** [cmTC_4f4a8] Error 1
make[1]: 离开目录“/home/zyj/sep-graph-pip-1.0/build/CMakeFiles/CMakeTmp”
Makefile:127: recipe for target 'cmTC_4f4a8/fast' failed
make: *** [cmTC_4f4a8/fast] Error 2


Source file was:
#include <pthread.h>

static void* test_func(void* data)
{
  return data;
}

int main(void)
{
  pthread_t thread;
  pthread_create(&thread, NULL, test_func, NULL);
  pthread_detach(thread);
  pthread_cancel(thread);
  pthread_join(thread, NULL);
  pthread_atfork(NULL, NULL, NULL);
  pthread_exit(NULL);

  return 0;
}

Determining if the function pthread_create exists in the pthreads failed with the following output:
Change Dir: /home/zyj/sep-graph-pip-1.0/build/CMakeFiles/CMakeTmp

Run Build Command(s):/usr/bin/make -f Makefile cmTC_dd56e/fast && /usr/bin/make  -f CMakeFiles/cmTC_dd56e.dir/build.make CMakeFiles/cmTC_dd56e.dir/build
make[1]: 进入目录“/home/zyj/sep-graph-pip-1.0/build/CMakeFiles/CMakeTmp”
Building C object CMakeFiles/cmTC_dd56e.dir/CheckFunctionExists.c.o
/usr/bin/cc   -fPIC -DCHECK_FUNCTION_EXISTS=pthread_create -o CMakeFiles/cmTC_dd56e.dir/CheckFunctionExists.c.o -c /home/zyj/cmake/share/cmake-3.23/Modules/CheckFunctionExists.c
Linking C executable cmTC_dd56e
/home/zyj/cmake/bin/cmake -E cmake_link_script CMakeFiles/cmTC_dd56e.dir/link.txt --verbose=1
/usr/bin/cc -fPIC -DCHECK_FUNCTION_EXISTS=pthread_create -rdynamic CMakeFiles/cmTC_dd56e.dir/CheckFunctionExists.c.o -o cmTC_dd56e  -lpthreads 
/usr/bin/ld: 找不到 -lpthreads
collect2: error: ld returned 1 exit status
CMakeFiles/cmTC_dd56e.dir/build.make:98: recipe for target 'cmTC_dd56e' failed
make[1]: *** [cmTC_dd56e] Error 1
make[1]: 离开目录“/home/zyj/sep-graph-pip-1.0/build/CMakeFiles/CMakeTmp”
Makefile:127: recipe for target 'cmTC_dd56e/fast' failed
make: *** [cmTC_dd56e/fast] Error 2



